<?xml version="1.0" encoding="UTF-8"?>
<coverage generated="1496431981887" clover="3.2.0">
  <project timestamp="1496431981887" name="All files">
    <metrics statements="26" coveredstatements="24" conditionals="6" coveredconditionals="5" methods="3" coveredmethods="3" elements="35" coveredelements="32" complexity="0" loc="26" ncloc="26" packages="1" files="1" classes="1">
      <file name="index.js" path="D:\projects\github\nic-info\src\index.js">
        <metrics statements="26" coveredstatements="24" conditionals="6" coveredconditionals="5" methods="3" coveredmethods="3"/>
        <line num="9" count="1" type="stmt"/>
        <line num="10" count="7" type="stmt"/>
        <line num="11" count="7" type="stmt"/>
        <line num="12" count="7" type="stmt"/>
        <line num="14" count="7" type="cond" truecount="1" falsecount="1"/>
        <line num="15" count="0" type="stmt"/>
        <line num="16" count="0" type="stmt"/>
        <line num="19" count="7" type="stmt"/>
        <line num="20" count="7" type="stmt"/>
        <line num="27" count="7" type="stmt"/>
        <line num="38" count="1" type="stmt"/>
        <line num="39" count="14" type="stmt"/>
        <line num="40" count="14" type="stmt"/>
        <line num="41" count="14" type="stmt"/>
        <line num="43" count="14" type="cond" truecount="2" falsecount="0"/>
        <line num="44" count="7" type="stmt"/>
        <line num="45" count="7" type="stmt"/>
        <line num="46" count="7" type="stmt"/>
        <line num="49" count="14" type="stmt"/>
        <line num="50" count="14" type="stmt"/>
        <line num="57" count="14" type="stmt"/>
        <line num="69" count="1" type="stmt"/>
        <line num="72" count="21" type="cond" truecount="2" falsecount="0"/>
        <line num="73" count="7" type="stmt"/>
        <line num="75" count="14" type="stmt"/>
        <line num="78" count="21" type="stmt"/>
      </file>
    </metrics>
  </project>
</coverage>
