{"D:\\projects\\github\\nic-info\\src\\index.js": {"path":"D:\\projects\\github\\nic-info\\src\\index.js","statementMap":{"0":{"start":{"line":9,"column":20},"end":{"line":31,"column":1}},"1":{"start":{"line":10,"column":13},"end":{"line":10,"column":30}},"2":{"start":{"line":11,"column":13},"end":{"line":11,"column":30}},"3":{"start":{"line":12,"column":15},"end":{"line":12,"column":42}},"4":{"start":{"line":14,"column":2},"end":{"line":17,"column":3}},"5":{"start":{"line":15,"column":4},"end":{"line":15,"column":43}},"6":{"start":{"line":16,"column":4},"end":{"line":16,"column":16}},"7":{"start":{"line":19,"column":26},"end":{"line":19,"column":69}},"8":{"start":{"line":20,"column":17},"end":{"line":25,"column":3}},"9":{"start":{"line":27,"column":2},"end":{"line":30,"column":4}},"10":{"start":{"line":38,"column":20},"end":{"line":61,"column":1}},"11":{"start":{"line":39,"column":13},"end":{"line":39,"column":30}},"12":{"start":{"line":40,"column":13},"end":{"line":40,"column":30}},"13":{"start":{"line":41,"column":15},"end":{"line":41,"column":42}},"14":{"start":{"line":43,"column":2},"end":{"line":47,"column":3}},"15":{"start":{"line":44,"column":4},"end":{"line":44,"column":22}},"16":{"start":{"line":45,"column":4},"end":{"line":45,"column":28}},"17":{"start":{"line":46,"column":4},"end":{"line":46,"column":16}},"18":{"start":{"line":49,"column":26},"end":{"line":49,"column":76}},"19":{"start":{"line":50,"column":17},"end":{"line":55,"column":3}},"20":{"start":{"line":57,"column":2},"end":{"line":60,"column":4}},"21":{"start":{"line":69,"column":23},"end":{"line":79,"column":1}},"22":{"start":{"line":72,"column":2},"end":{"line":76,"column":3}},"23":{"start":{"line":73,"column":4},"end":{"line":73,"column":33}},"24":{"start":{"line":75,"column":4},"end":{"line":75,"column":33}},"25":{"start":{"line":78,"column":2},"end":{"line":78,"column":17}}},"fnMap":{"0":{"name":"(anonymous_0)","decl":{"start":{"line":9,"column":20},"end":{"line":9,"column":21}},"loc":{"start":{"line":9,"column":31},"end":{"line":31,"column":1}},"line":9},"1":{"name":"(anonymous_1)","decl":{"start":{"line":38,"column":20},"end":{"line":38,"column":21}},"loc":{"start":{"line":38,"column":31},"end":{"line":61,"column":1}},"line":38},"2":{"name":"(anonymous_2)","decl":{"start":{"line":69,"column":23},"end":{"line":69,"column":24}},"loc":{"start":{"line":69,"column":34},"end":{"line":79,"column":1}},"line":69}},"branchMap":{"0":{"loc":{"start":{"line":14,"column":2},"end":{"line":17,"column":3}},"type":"if","locations":[{"start":{"line":14,"column":2},"end":{"line":17,"column":3}},{"start":{"line":14,"column":2},"end":{"line":17,"column":3}}],"line":14},"1":{"loc":{"start":{"line":43,"column":2},"end":{"line":47,"column":3}},"type":"if","locations":[{"start":{"line":43,"column":2},"end":{"line":47,"column":3}},{"start":{"line":43,"column":2},"end":{"line":47,"column":3}}],"line":43},"2":{"loc":{"start":{"line":72,"column":2},"end":{"line":76,"column":3}},"type":"if","locations":[{"start":{"line":72,"column":2},"end":{"line":76,"column":3}},{"start":{"line":72,"column":2},"end":{"line":76,"column":3}}],"line":72}},"s":{"0":1,"1":7,"2":7,"3":7,"4":7,"5":0,"6":0,"7":7,"8":7,"9":7,"10":1,"11":14,"12":14,"13":14,"14":14,"15":7,"16":7,"17":7,"18":14,"19":14,"20":14,"21":1,"22":21,"23":7,"24":14,"25":21},"f":{"0":7,"1":14,"2":21},"b":{"0":[0,7],"1":[7,7],"2":[7,14]},"_coverageSchema":"332fd63041d2c1bcb487cc26dd0d5f7d97098a6c","hash":"13f0f844f07c8f250756e3e32b535d419d8561f5"}
}
