TN:
SF:D:\projects\github\nic-info\src\index.js
FN:9,(anonymous_0)
FN:38,(anonymous_1)
FN:69,(anonymous_2)
FNF:3
FNH:3
FNDA:7,(anonymous_0)
FNDA:14,(anonymous_1)
FNDA:21,(anonymous_2)
DA:9,1
DA:10,7
DA:11,7
DA:12,7
DA:14,7
DA:15,0
DA:16,0
DA:19,7
DA:20,7
DA:27,7
DA:38,1
DA:39,14
DA:40,14
DA:41,14
DA:43,14
DA:44,7
DA:45,7
DA:46,7
DA:49,14
DA:50,14
DA:57,14
DA:69,1
DA:72,21
DA:73,7
DA:75,14
DA:78,21
LF:26
LH:24
BRDA:14,0,0,0
BRDA:14,0,1,7
BRDA:43,1,0,7
BRDA:43,1,1,7
BRDA:72,2,0,7
BRDA:72,2,1,14
BRF:6
BRH:5
end_of_record
